<?xml version="1.0" encoding="UTF-8"?>
<testsuite name="com.onec.schema.SchemaGeneratorTest" tests="2" skipped="0" failures="0" errors="0" timestamp="2026-04-10T01:12:16.231Z" hostname="mikes-macbook-pro.tail81fce0.ts.net" time="0.006">
  <properties/>
  <testcase name="execute_createsTableInH2()" classname="com.onec.schema.SchemaGeneratorTest" time="0.006"/>
  <testcase name="generateDDL_singleCatalog_correctCreateTable()" classname="com.onec.schema.SchemaGeneratorTest" time="0.0"/>
  <system-out><![CDATA[]]></system-out>
  <system-err><![CDATA[]]></system-err>
</testsuite>
