<?xml version="1.0" encoding="UTF-8"?>
<testsuite name="com.onec.metadata.DocumentMetadataScannerTest" tests="5" skipped="0" failures="0" errors="0" timestamp="2026-04-10T01:12:16.191Z" hostname="mikes-macbook-pro.tail81fce0.ts.net" time="0.007">
  <properties/>
  <testcase name="scanDocument_annotatedClassNotExtendingDocumentObject_throws()" classname="com.onec.metadata.DocumentMetadataScannerTest" time="0.001"/>
  <testcase name="scanDocument_validDocument_findsTabularSections()" classname="com.onec.metadata.DocumentMetadataScannerTest" time="0.003"/>
  <testcase name="scanDocument_validDocument_returnsCorrectDescriptor()" classname="com.onec.metadata.DocumentMetadataScannerTest" time="0.001"/>
  <testcase name="scanDocument_validDocument_findsAttributes()" classname="com.onec.metadata.DocumentMetadataScannerTest" time="0.001"/>
  <testcase name="scanDocument_classWithoutAnnotation_throws()" classname="com.onec.metadata.DocumentMetadataScannerTest" time="0.0"/>
  <system-out><![CDATA[]]></system-out>
  <system-err><![CDATA[]]></system-err>
</testsuite>
