<?xml version="1.0" encoding="UTF-8"?>
<testsuite name="com.onec.metadata.MetadataScannerTest" tests="4" skipped="0" failures="0" errors="0" timestamp="2026-04-10T01:12:16.199Z" hostname="mikes-macbook-pro.tail81fce0.ts.net" time="0.003">
  <properties/>
  <testcase name="scan_validCatalog_findsAllAttributes()" classname="com.onec.metadata.MetadataScannerTest" time="0.001"/>
  <testcase name="scan_classWithoutAnnotation_throws()" classname="com.onec.metadata.MetadataScannerTest" time="0.0"/>
  <testcase name="scan_validCatalog_returnsCorrectDescriptor()" classname="com.onec.metadata.MetadataScannerTest" time="0.001"/>
  <testcase name="scan_annotatedClassNotExtendingCatalogObject_throws()" classname="com.onec.metadata.MetadataScannerTest" time="0.0"/>
  <system-out><![CDATA[]]></system-out>
  <system-err><![CDATA[]]></system-err>
</testsuite>
