<?xml version="1.0" encoding="UTF-8"?>
<testsuite name="com.onec.schema.RegisterSchemaGeneratorTest" tests="3" skipped="0" failures="0" errors="0" timestamp="2026-04-10T01:12:16.222Z" hostname="mikes-macbook-pro.tail81fce0.ts.net" time="0.009">
  <properties/>
  <testcase name="generateDDL_balanceRegister_createsMovementAndTotalsTable()" classname="com.onec.schema.RegisterSchemaGeneratorTest" time="0.0"/>
  <testcase name="execute_createsTablesInH2()" classname="com.onec.schema.RegisterSchemaGeneratorTest" time="0.008"/>
  <testcase name="generateDDL_turnoverRegister_createsMovementTableOnly()" classname="com.onec.schema.RegisterSchemaGeneratorTest" time="0.001"/>
  <system-out><![CDATA[]]></system-out>
  <system-err><![CDATA[]]></system-err>
</testsuite>
