<?xml version="1.0" encoding="UTF-8"?>
<testsuite name="com.onec.posting.PostingTest" tests="7" skipped="0" failures="0" errors="0" timestamp="2026-04-10T01:12:15.839Z" hostname="mikes-macbook-pro.tail81fce0.ts.net" time="0.351">
  <properties/>
  <testcase name="post_nonPostableDocument_throws()" classname="com.onec.posting.PostingTest" time="0.208"/>
  <testcase name="unpost_deactivatesRecords()" classname="com.onec.posting.PostingTest" time="0.053"/>
  <testcase name="unpost_reversesTotals()" classname="com.onec.posting.PostingTest" time="0.02"/>
  <testcase name="post_setsDocumentPostedTrue()" classname="com.onec.posting.PostingTest" time="0.017"/>
  <testcase name="post_createsMovementRecords()" classname="com.onec.posting.PostingTest" time="0.017"/>
  <testcase name="post_multipleLineItems_createsMultipleRecords()" classname="com.onec.posting.PostingTest" time="0.015"/>
  <testcase name="post_updatesBalanceTotals()" classname="com.onec.posting.PostingTest" time="0.018"/>
  <system-out><![CDATA[]]></system-out>
  <system-err><![CDATA[]]></system-err>
</testsuite>
