<?xml version="1.0" encoding="UTF-8"?>
<testsuite name="com.onec.schema.DocumentSchemaGeneratorTest" tests="2" skipped="0" failures="0" errors="0" timestamp="2026-04-10T01:12:16.207Z" hostname="mikes-macbook-pro.tail81fce0.ts.net" time="0.014">
  <properties/>
  <testcase name="execute_createsTablesInH2()" classname="com.onec.schema.DocumentSchemaGeneratorTest" time="0.013"/>
  <testcase name="generateDDL_singleDocument_correctCreateTable()" classname="com.onec.schema.DocumentSchemaGeneratorTest" time="0.001"/>
  <system-out><![CDATA[]]></system-out>
  <system-err><![CDATA[]]></system-err>
</testsuite>
